\BOOKMARK [0][-]{chapter.1}{\376\377\006\105\006\102\006\057\006\105\006\107}{}% 1
\BOOKMARK [1][-]{section.1.1}{\376\377\006\176\006\314\006\064\040\014\006\257\006\101\006\052\006\047\006\061}{chapter.1}% 2
\BOOKMARK [1][-]{section.1.2}{\376\377\006\063\006\047\006\056\006\052\006\047\006\061\000\040\006\257\006\062\006\047\006\061\006\064}{chapter.1}% 3
\BOOKMARK [0][-]{chapter.2}{\376\377\006\050\006\061\006\061\006\063\006\314\000\040\006\176\006\314\006\064\006\314\006\106\006\107\000\040\006\110\000\040\006\047\006\057\006\050\006\314\006\047\006\052}{}% 4
\BOOKMARK [1][-]{section.2.1}{\376\377\006\047\006\057\006\050\006\314\006\047\006\052\000\040\006\105\006\110\006\066\006\110\006\071}{chapter.2}% 5
\BOOKMARK [2][-]{subsection.2.1.1}{\376\377\006\105\006\071\006\105\006\047\006\061\006\314\000\040\000R\000W\000K\000V}{section.2.1}% 6
\BOOKMARK [3][-]{subsubsection.2.1.1.1}{\376\377\006\106\006\055\006\110\006\314\006\107\000\040\006\071\006\105\006\104\006\251\006\061\006\057\000\040\000R\000W\000K\000V}{subsection.2.1.1}% 7
\BOOKMARK [3][-]{subsubsection.2.1.1.2}{\376\377\000R\000W\000K\000V\000\040\006\057\006\061\000\040\006\105\006\102\006\047\006\314\006\063\006\107\000\040\006\050\006\047\000\040\000T\000r\000a\000n\000s\000f\000o\000r\000m\000e\000r}{subsection.2.1.1}% 8
\BOOKMARK [2][-]{subsection.2.1.2}{\376\377\006\101\006\061\006\105\006\052\000\040\006\101\006\047\006\314\006\104\000\040\000M\000I\000D\000I}{section.2.1}% 9
\BOOKMARK [1][-]{section.2.2}{\376\377\006\061\006\110\006\064\006\107\006\047\006\314\000\040\006\176\006\112\006\064\006\112\006\106}{chapter.2}% 10
\BOOKMARK [2][-]{subsection.2.2.1}{\376\377\006\047\006\063\006\052\006\101\006\047\006\057\006\107\000\040\006\047\006\062\000\040\006\105\006\071\006\105\006\047\006\061\006\314\000\040\000V\000A\000E}{section.2.2}% 11
\BOOKMARK [2][-]{subsection.2.2.2}{\376\377\006\047\006\063\006\052\006\101\006\047\006\057\006\107\000\040\006\047\006\062\000\040\006\064\006\050\006\251\006\107\040\014\006\107\006\047\006\314\000\040\006\055\006\047\006\101\006\070\006\107\000\040\006\067\006\110\006\104\006\047\006\106\006\314\000\040\006\251\006\110\006\052\006\047\006\107\000\040\006\105\006\057\006\052}{section.2.2}% 12
\BOOKMARK [2][-]{subsection.2.2.3}{\376\377\006\054\006\105\006\071\000\040\006\050\006\106\006\057\006\314}{section.2.2}% 13
\BOOKMARK [0][-]{chapter.3}{\376\377\006\042\006\105\006\110\006\062\006\064\000\040\006\105\006\057\006\104\000\040\006\110\000\040\006\105\006\071\006\105\006\047\006\061\006\314}{}% 14
\BOOKMARK [1][-]{section.3.1}{\376\377\006\105\006\102\006\057\006\105\006\107}{chapter.3}% 15
\BOOKMARK [1][-]{section.3.2}{\376\377\006\105\006\071\006\105\006\047\006\061\006\314\000\040\006\251\006\104\006\314\000\040\006\176\006\061\006\110\006\230\006\107}{chapter.3}% 16
\BOOKMARK [1][-]{section.3.3}{\376\377\006\105\006\054\006\105\006\110\006\071\006\107\000\040\006\057\006\047\006\057\006\107\000\040\006\107\006\047}{chapter.3}% 17
\BOOKMARK [2][-]{subsection.3.3.1}{\376\377\006\105\006\057\006\104\000\040\006\176\006\314\006\047\006\106\006\110}{section.3.3}% 18
\BOOKMARK [2][-]{subsection.3.3.2}{\376\377\006\105\006\057\006\104\000\040\006\057\006\061\006\047\006\105}{section.3.3}% 19
\BOOKMARK [1][-]{section.3.4}{\376\377\006\052\006\050\006\057\006\314\006\104\000\040\000M\000I\000D\000I\000\040\006\050\006\107\000\040\006\105\006\052\006\106}{chapter.3}% 20
\BOOKMARK [2][-]{subsection.3.4.1}{\376\377\006\061\006\110\006\064\000\040\006\107\006\047\006\314\000\040\006\105\006\110\006\054\006\110\006\057\000\040\006\050\006\061\006\047\006\314\000\040\006\052\006\110\006\251\006\106\040\014\006\063\006\047\006\062\006\314\000\040\006\101\006\047\006\314\006\104\040\014\006\107\006\047\006\314\000\040\000M\000I\000D\000I}{section.3.4}% 21
\BOOKMARK [3][-]{subsubsection.3.4.1.1}{\376\377\006\101\006\061\006\105\006\052\000\040\000M\000I\000D\000I\000C\000o\000m\000p\000a\000c\000t}{subsection.3.4.1}% 22
\BOOKMARK [2][-]{subsection.3.4.2}{\376\377\006\251\006\110\006\047\006\106\006\052\006\047\006\314\006\062\000\040\006\251\006\061\006\057\006\106\000\040\006\063\006\061\006\071\006\052}{section.3.4}% 23
\BOOKMARK [3][-]{subsubsection.3.4.2.1}{\376\377\006\251\006\110\006\047\006\106\006\052\006\047\006\314\006\062\000\040\006\251\006\061\006\057\006\106\000\040\006\056\006\067\006\314}{subsection.3.4.2}% 24
\BOOKMARK [3][-]{subsubsection.3.4.2.2}{\376\377\006\251\006\110\006\047\006\106\006\052\006\047\006\314\006\062\000\040\006\251\006\061\006\057\006\106\000\040\006\106\006\105\006\047\006\314\006\314}{subsection.3.4.2}% 25
\BOOKMARK [3][-]{subsubsection.3.4.2.3}{\376\377\006\206\006\061\006\047\000\040\006\251\006\110\006\047\006\106\006\052\006\047\006\314\006\062\000\040\006\251\006\061\006\057\006\106\000\040\006\106\006\105\006\047\006\314\006\314\006\037}{subsection.3.4.2}% 26
\BOOKMARK [2][-]{subsection.3.4.3}{\376\377\006\052\006\050\006\057\006\314\006\104\000\040\006\101\006\047\006\314\006\104\000\040\006\107\006\047\006\314\000\040\000M\000I\000D\000I\000\040\006\050\006\107\000\040\006\105\006\052\006\106}{section.3.4}% 27
\BOOKMARK [2][-]{subsection.3.4.4}{\376\377\006\052\006\110\006\251\006\106\000\040\006\063\006\047\006\062\006\314}{section.3.4}% 28
\BOOKMARK [3][-]{subsubsection.3.4.4.1}{\376\377\006\052\006\110\006\251\006\106\040\014\006\063\006\047\006\062\006\314\000\040\006\063\006\061\006\314\006\071\000\040\006\050\006\047\000\040\006\251\006\052\006\047\006\050\006\056\006\047\006\106\006\107\000\040\000T\000o\000k\000e\000n\000i\000z\000e\000r}{subsection.3.4.4}% 29
\BOOKMARK [3][-]{subsubsection.3.4.4.2}{\376\377\006\052\006\050\006\057\006\314\006\104\000\040\006\050\006\107\000\040\006\101\006\061\006\105\006\052\000\040\000J\000S\000O\000N\000L}{subsection.3.4.4}% 30
\BOOKMARK [3][-]{subsubsection.3.4.4.3}{\376\377\006\052\006\050\006\057\006\314\006\104\000\040\006\050\006\107\000\040\006\101\006\061\006\105\006\052\000\040\000b\000i\000n\000i\000d\000x\000\040\006\050\006\061\006\047\006\314\000\040\006\042\006\105\006\110\006\062\006\064\000\040\006\063\006\061\006\314\006\071}{subsection.3.4.4}% 31
\BOOKMARK [1][-]{section.3.5}{\376\377\006\042\006\105\006\110\006\062\006\064\000\040\006\105\006\057\006\104}{chapter.3}% 32
\BOOKMARK [2][-]{subsection.3.5.1}{\376\377\006\176\006\047\006\061\006\047\006\105\006\052\006\061\006\107\006\047\006\314\000\040\006\042\006\105\006\110\006\062\006\064\000\040\006\105\006\057\006\104}{section.3.5}% 33
\BOOKMARK [2][-]{subsection.3.5.2}{\376\377\006\106\006\055\006\110\006\314\006\107\000\040\006\042\006\105\006\110\006\062\006\064\000\040\006\105\006\057\006\104}{section.3.5}% 34
\BOOKMARK [3][-]{subsubsection.3.5.2.1}{\376\377\006\251\006\052\006\047\006\050\006\056\006\047\006\106\006\107\040\014\006\107\006\047\000\040\006\047\006\063\006\052\006\101\006\047\006\057\006\107\000\040\006\064\006\057\006\107}{subsection.3.5.2}% 35
\BOOKMARK [1][-]{section.3.6}{\376\377\006\047\006\061\006\062\006\314\006\047\006\050\006\314\000\040\006\071\006\105\006\104\006\251\006\061\006\057\000\040\006\105\006\057\006\104}{chapter.3}% 36
\BOOKMARK [2][-]{subsection.3.6.1}{\376\377\006\047\006\061\006\062\006\314\006\047\006\050\006\314\000\040\006\105\006\057\006\104\000\040\006\176\006\314\006\047\006\106\006\110}{section.3.6}% 37
\BOOKMARK [2][-]{subsection.3.6.2}{\376\377\006\047\006\061\006\062\006\314\006\047\006\050\006\314\000\040\006\105\006\057\006\104\000\040\006\057\006\061\006\047\006\105}{section.3.6}% 38
\BOOKMARK [2][-]{subsection.3.6.3}{\376\377\006\047\006\061\006\062\006\314\006\047\006\050\006\314\000\040\006\071\006\105\006\104\006\251\006\061\006\057\000\040\006\105\006\057\006\104\000\040\006\050\006\047\000\040\006\105\006\071\006\314\006\047\006\061\000\040\006\107\006\047\006\314\000\040\006\105\006\110\006\063\006\314\006\102\006\314}{section.3.6}% 39
\BOOKMARK [3][-]{subsubsection.3.6.3.1}{\376\377\006\107\006\105\006\047\006\107\006\106\006\257\006\314\000\040\006\061\006\314\006\052\006\105\000\040\000\050\000R\000h\000y\000t\000h\000m\000\040\000C\000o\000n\000s\000i\000s\000t\000e\000n\000c\000y\000\051}{subsection.3.6.3}% 40
\BOOKMARK [3][-]{subsubsection.3.6.3.2}{\376\377\000\040\006\064\006\050\006\047\006\107\006\052\000\040\006\105\006\104\006\110\006\057\006\314\000\040\000\050\000M\000e\000l\000o\000d\000i\000c\000\040\000S\000i\000m\000i\000l\000a\000r\000i\000t\000y\000\040\000M\000e\000t\000r\000i\000c\000\051}{subsection.3.6.3}% 41
\BOOKMARK [3][-]{subsubsection.3.6.3.3}{\376\377\000\040\006\053\006\050\006\047\006\052\000\040\006\065\006\057\006\047\000\040\000\050\000T\000o\000n\000a\000l\000\040\000S\000t\000a\000b\000i\000l\000i\000t\000y\000\040\000M\000e\000t\000r\000i\000c\000\051}{subsection.3.6.3}% 42
\BOOKMARK [3][-]{subsubsection.3.6.3.4}{\376\377\000\040\006\107\006\105\006\047\006\107\006\106\006\257\006\314\000\040\006\107\006\047\006\061\006\105\006\110\006\106\006\314\006\251\000\040\000\050\000H\000a\000r\000m\000o\000n\000i\000c\000\040\000C\000o\000h\000e\000r\000e\000n\000c\000e\000\040\000M\000e\000t\000r\000i\000c\000\051\000\040}{subsection.3.6.3}% 43
\BOOKMARK [3][-]{subsubsection.3.6.3.5}{\376\377\006\106\006\052\006\047\006\314\006\054\000\040\006\047\006\314\006\106\000\040\006\105\006\071\006\314\006\047\006\061\000\040\006\107\006\047\000\040\006\050\006\061\006\047\006\314\000\040\006\105\006\057\006\104\000\040\006\176\006\314\006\047\006\106\006\110}{subsection.3.6.3}% 44
\BOOKMARK [1][-]{section.3.7}{\376\377\006\047\006\063\006\052\006\106\006\052\006\047\006\054\000\040\006\105\006\057\006\104\000\040\006\107\006\047}{chapter.3}% 45
\BOOKMARK [2][-]{subsection.3.7.1}{\376\377\006\063\006\047\006\056\006\052\000\040\006\105\006\110\006\063\006\314\006\102\006\314\000\040\006\106\006\107\006\047\006\314\006\314}{section.3.7}% 46
\BOOKMARK [2][-]{subsection.3.7.2}{\376\377\006\054\006\105\006\071\000\040\006\050\006\106\006\057\006\314}{section.3.7}% 47
\BOOKMARK [0][-]{chapter.4}{\376\377\006\063\006\047\006\056\006\052\000\040\006\056\006\067\000\040\006\104\006\110\006\104\006\107\000\040\006\105\006\052\006\106\000\040\006\050\006\107\000\040\006\104\006\110\000-\006\101\006\047\006\314}{}% 48
\BOOKMARK [1][-]{section.4.1}{\376\377\006\105\006\071\006\105\006\047\006\061\006\314\000\040\006\056\006\067\040\014\000\040\006\104\006\110\006\104\006\107}{chapter.4}% 49
\BOOKMARK [2][-]{subsection.4.1.1}{\376\377\006\251\006\105\006\050\006\110\006\057\006\107\006\047\006\314\000\040\006\047\006\063\006\052\006\101\006\047\006\057\006\107\000\040\006\105\006\063\006\052\006\102\006\314\006\105\000\040\006\047\006\062\000\040\006\105\006\057\006\104\000\040\000M\000u\000s\000i\000c\000G\000e\000n\000\040\006\050\006\061\006\047\006\314\000\040\006\052\006\110\006\104\006\314\006\057\000\040\006\105\006\110\006\063\006\314\006\102\006\314}{section.4.1}% 50
\BOOKMARK [1][-]{section.4.2}{\376\377\006\047\006\061\006\062\006\314\006\047\006\050\006\314\000\040\006\056\006\067\000\040\006\104\006\110\006\104\006\107}{chapter.4}% 51
\BOOKMARK [0][-]{chapter.5}{\376\377\006\106\006\052\006\314\006\054\006\107\040\014\006\257\006\314\006\061\006\314\000\040\006\110\000\040\006\176\006\314\006\064\006\106\006\107\006\047\006\057\006\107\006\047}{}% 52
\BOOKMARK [1][-]{section.5.1}{\376\377\040\014\006\106\006\052\006\314\006\054\006\107\040\014\006\257\006\314\006\061\006\314}{chapter.5}% 53
\BOOKMARK [1][-]{section.5.2}{\376\377\006\176\006\314\006\064\006\106\006\107\006\047\006\057\006\107\006\047}{chapter.5}% 54
\BOOKMARK [1][-]{section.5.2}{\376\377\006\105\006\106\006\047\006\050\006\071\000\040\006\110\000\040\006\105\006\042\006\056\006\060}{chapter.5}% 55
\BOOKMARK [0][-]{appendix*.22}{\376\377\006\176\006\314\006\110\006\063\006\052\040\014\006\107\006\047}{}% 56
\BOOKMARK [1][-]{section.Alph3.1}{\376\377\006\057\006\063\006\052\006\061\006\063\006\314\000\040\006\050\006\107\000\040\006\251\006\057\000\040\006\107\006\047}{appendix*.22}% 57
\BOOKMARK [1][-]{section.Alph3.2}{\376\377\000\040\006\176\006\047\006\061\006\047\006\105\006\052\006\061\006\107\006\047\006\314\000\040\006\042\006\105\006\110\006\062\006\064\000\040\006\105\006\057\006\104\000\040\006\107\006\047}{appendix*.22}% 58
